<?xml version="1.0" encoding="UTF-8"?>
<!-- Generated by org.testng.reporters.JUnitXMLReporter -->
<testsuite ignored="1" hostname="DESKTOP-ATMEPCB" failures="0" tests="14" name="Test" time="17.579" errors="0" timestamp="03 Apr 2020 08:21:59 GMT">
  <testcase classname="testngexercise.elementVerification" name="verifyHomepageTitle" time="0.143"/>
  <testcase classname="testngexercise.elementVerification" name="findElementlogin" time="0.088"/>
  <testcase classname="testngexercise.elementVerification" name="clickLogin" time="0.225"/>
  <testcase classname="testngexercise.elementVerification" name="findElementEmail" time="0.304"/>
  <testcase classname="testngexercise.elementVerification" name="findElementfb" time="0.08"/>
  <testcase classname="testngexercise.elementVerification" name="findElementtw" time="0.047"/>
  <testcase classname="testngexercise.elementVerification" name="findElementtwch" time="0.242"/>
  <testcase classname="testngexercise.elementVerification" name="findElementggl" time="0.416"/>
  <testcase classname="testngexercise.elementVerification" name="frgPassFormBtn" time="0.045"/>
  <testcase classname="testngexercise.elementVerification" name="loginBtn" time="0.049"/>
  <testcase classname="testngexercise.elementVerification" name="signupBtn" time="0.047"/>
  <testcase classname="testngexercise.elementVerification" name="closeBtn" time="0.068"/>
  <testcase classname="testngexercise.elementVerification" name="gamesportBtn" time="0.076"/>
  <testcase classname="testngexercise.elementVerification" name="verifyText" time="0.112"/>
  <testcase classname="testngexercise.elementVerification" name="findElementPass" time="0.0">
    <ignored/>
  </testcase> <!-- findElementPass -->
</testsuite> <!-- Test -->
